0 info it worked if it ends with ok
1 verbose cli [ 'C:\\Program Files\\nodejs\\node.exe',
1 verbose cli   'C:\\Users\\davidbd\\AppData\\Roaming\\npm\\node_modules\\npm\\bin\\npm-cli.js',
1 verbose cli   'start' ]
2 info using npm@3.3.12
3 info using node@v4.2.6
4 verbose run-script [ 'prestart', 'start', 'poststart' ]
5 info lifecycle the-forum@0.0.0~prestart: the-forum@0.0.0
6 silly lifecycle the-forum@0.0.0~prestart: no script for prestart, continuing
7 info lifecycle the-forum@0.0.0~start: the-forum@0.0.0
8 verbose lifecycle the-forum@0.0.0~start: unsafe-perm in lifecycle true
9 verbose lifecycle the-forum@0.0.0~start: PATH: C:\Users\davidbd\AppData\Roaming\npm\node_modules\npm\bin\node-gyp-bin;c:\Env\SadnaJavaEnv\env\gitrep\TheForumX\TheForum\node_modules\.bin;c:\Env\SadnaJavaEnv\env\node-v8.9.3-win-x64\;C:\Program Files\VanDyke Software\Clients\;C:\Windows\system32;C:\Windows;C:\Windows\System32\Wbem;C:\Windows\System32\WindowsPowerShell\v1.0\;C:\Program Files (x86)\Lenovo\Access Connections\;C:\SWTOOLS\ReadyApps;C:\Program Files (x86)\WebEx\Productivity Tools;C:\Program Files\TortoiseSVN\bin;c:\dev\devenv\instantclient_12_1\;C:\Program Files (x86)\OpenSSH\bin;c:\dev\devenv\jdk1.8.0_92\bin\;C:\Program Files (x86)\Kaspersky Lab\Kaspersky Endpoint Security 10 for Windows SP1\;c:\dev\devenv\apache-maven-3.0.5\bin\;C:\Program Files\nodejs\;C:\Program Files\ThinkPad\Bluetooth Software\;C:\Program Files\ThinkPad\Bluetooth Software\syswow64;C:\Program Files\Intel\WiFi\bin\;C:\Program Files\Common Files\Intel\WirelessCommon\;C:\Program Files (x86)\Lenovo\Password Manager\;C:\Program Files (x86)\Kaspersky Lab\Kaspersky Endpoint Security 10 for Windows SP2\;C:\Users\davidbd\AppData\Local\Programs\Python\Python36\;C:\Program Files (x86)\SSH Communications Security\SSH Secure Shell;C:\Users\davidbd\AppData\Roaming\npm;C:\Users\davidbd\AppData\Local\Programs\Python\Python36\Scripts\;C:\Users\davidbd\AppData\Local\Programs\Python\Python36;C:\Program Files\Intel\WiFi\bin\;C:\Program Files\Common Files\Intel\WirelessCommon\
10 verbose lifecycle the-forum@0.0.0~start: CWD: c:\Env\SadnaJavaEnv\env\gitrep\TheForumX\TheForum
11 silly lifecycle the-forum@0.0.0~start: Args: [ '/d /s /c', 'ng serve' ]
12 silly lifecycle the-forum@0.0.0~start: Returned: code: 1  signal: null
13 info lifecycle the-forum@0.0.0~start: Failed to exec start script
14 verbose stack Error: the-forum@0.0.0 start: `ng serve`
14 verbose stack Exit status 1
14 verbose stack     at EventEmitter.<anonymous> (C:\Users\davidbd\AppData\Roaming\npm\node_modules\npm\lib\utils\lifecycle.js:232:16)
14 verbose stack     at emitTwo (events.js:87:13)
14 verbose stack     at EventEmitter.emit (events.js:172:7)
14 verbose stack     at ChildProcess.<anonymous> (C:\Users\davidbd\AppData\Roaming\npm\node_modules\npm\lib\utils\spawn.js:24:14)
14 verbose stack     at emitTwo (events.js:87:13)
14 verbose stack     at ChildProcess.emit (events.js:172:7)
14 verbose stack     at maybeClose (internal/child_process.js:821:16)
14 verbose stack     at Process.ChildProcess._handle.onexit (internal/child_process.js:211:5)
15 verbose pkgid the-forum@0.0.0
16 verbose cwd c:\Env\SadnaJavaEnv\env\gitrep\TheForumX\TheForum
17 error Windows_NT 6.1.7601
18 error argv "C:\\Program Files\\nodejs\\node.exe" "C:\\Users\\davidbd\\AppData\\Roaming\\npm\\node_modules\\npm\\bin\\npm-cli.js" "start"
19 error node v4.2.6
20 error npm  v3.3.12
21 error code ELIFECYCLE
22 error the-forum@0.0.0 start: `ng serve`
22 error Exit status 1
23 error Failed at the the-forum@0.0.0 start script 'ng serve'.
23 error Make sure you have the latest version of node.js and npm installed.
23 error If you do, this is most likely a problem with the the-forum package,
23 error not with npm itself.
23 error Tell the author that this fails on your system:
23 error     ng serve
23 error You can get their info via:
23 error     npm owner ls the-forum
23 error There is likely additional logging output above.
24 verbose exit [ 1, true ]
